"../../../../../CouchCoop/MyProject2/Content/Assets/Mesh/UE4_Mannequin_Skeleton.uasset" 0
"../../../../../CouchCoop/MyProject2/Content/Assets/Animations/ThirdPersonJump_End.uasset" 1
"../../../../../CouchCoop/MyProject2/Content/Assets/Textures/UE4_LOGO_CARD.uasset" 2
"../../../../../CouchCoop/MyProject2/Content/Assets/Animations/ThirdPerson_Jump.uasset" 3
"../../../../../CouchCoop/MyProject2/Content/Assets/Animations/ThirdPersonJump_Loop.uasset" 4
"../../../../../CouchCoop/MyProject2/Content/Assets/Animations/ThirdPersonJump_Start.uasset" 5
"../../../../../CouchCoop/MyProject2/Content/Assets/Animations/ThirdPersonIdle.uasset" 6
"../../../../../CouchCoop/MyProject2/Content/Assets/Animations/ThirdPersonRun.uasset" 7
"../../../../../CouchCoop/MyProject2/Content/Assets/Animations/ThirdPersonWalk.uasset" 8
"../../../../../CouchCoop/MyProject2/Content/Assets/Animations/ThirdPerson_IdleRun_2D.uasset" 9
"../../../Engine/Content/EditorBlueprintResources/StandardMacros.uasset" 10
"../../../../../CouchCoop/MyProject2/Content/Assets/Animations/ThirdPerson_AnimBP.uasset" 11
"../../../../../CouchCoop/MyProject2/Content/Blueprints/MiniMap/file-arrow-down-2.uasset" 12
"../../../../../CouchCoop/MyProject2/Content/Blueprints/MiniMap/file-arrow-down-2_Mat.uasset" 13
"../../../Engine/Content/Functions/Engine_MaterialFunctions01/Opacity/CameraDepthFade.uasset" 14
"../../../Engine/Content/EngineMaterials/T_Default_Material_Grid_M.uasset" 15
"../../../Engine/Content/EngineMaterials/T_Default_Material_Grid_N.uasset" 16
"../../../Engine/Content/EngineMaterials/WorldGridMaterial.uasset" 17
"../../../Engine/Content/BasicShapes/Plane.uasset" 18
"../../../Engine/Content/Functions/Engine_MaterialFunctions02/Utility/BlendAngleCorrectedNormals.uasset" 19
"../../../Engine/Content/Functions/MaterialLayerFunctions/MatLayerBlend_NormalBlend.uasset" 20
"../../../Engine/Content/Functions/MaterialLayerFunctions/MatLayerBlend_Simple.uasset" 21
"../../../../../CouchCoop/MyProject2/Content/Assets/Materials/MaterialLayers/T_ML_Rubber_Blue_01_D.uasset" 22
"../../../../../CouchCoop/MyProject2/Content/Assets/Materials/MaterialLayers/T_ML_Rubber_Blue_01_N.uasset" 23
"../../../../../CouchCoop/MyProject2/Content/Assets/Materials/MaterialLayers/ML_GlossyBlack_Latex_UE4.uasset" 24
"../../../../../CouchCoop/MyProject2/Content/Assets/Materials/MaterialLayers/ML_Plastic_Shiny_Beige.uasset" 25
"../../../../../CouchCoop/MyProject2/Content/Assets/Textures/UE4Man_Logo_N.uasset" 26
"../../../../../CouchCoop/MyProject2/Content/Assets/Materials/MaterialLayers/ML_Plastic_Shiny_Beige_LOGO.uasset" 27
"../../../../../CouchCoop/MyProject2/Content/Assets/Materials/MaterialLayers/T_ML_Aluminum01.uasset" 28
"../../../../../CouchCoop/MyProject2/Content/Assets/Materials/MaterialLayers/T_ML_Aluminum01_N.uasset" 29
"../../../../../CouchCoop/MyProject2/Content/Assets/Materials/MaterialLayers/ML_SoftMetal_UE4.uasset" 30
"../../../../../CouchCoop/MyProject2/Content/Assets/Textures/UE4_Mannequin__normals.uasset" 31
"../../../../../CouchCoop/MyProject2/Content/Assets/Textures/UE4_Mannequin_MAT_MASKA.uasset" 32
"../../../../../CouchCoop/MyProject2/Content/Assets/Materials/M_UE4Man_Body.uasset" 33
"../../../../../CouchCoop/MyProject2/Content/Assets/Materials/M_UE4Man_ChestLogo.uasset" 34
"../../../../../CouchCoop/MyProject2/Content/Assets/Mesh/SK_Mannequin_PhysicsAsset.uasset" 35
"../../../../../CouchCoop/MyProject2/Content/Assets/Mesh/SK_Mannequin.uasset" 36
"../../../../../CouchCoop/MyProject2/Content/Assets/Materials/Character2Colour.uasset" 37
"../../../../../CouchCoop/MyProject2/Content/Blueprints/BP_Gamemode.uasset" 38
"../../../../../CouchCoop/MyProject2/Content/Blueprints/Widgets/ScoreHUD.uasset" 39
"../../../../../CouchCoop/MyProject2/Content/Blueprints/BP_Character.uasset" 40
"../../../../../CouchCoop/MyProject2/Content/Blueprints/ThirdPersonCharacter.uasset" 41
"../../../Engine/Content/Functions/Engine_MaterialFunctions02/Math/TimeWithSpeedVariable.uasset" 42
"../../../Engine/Content/Functions/Engine_MaterialFunctions02/Utility/MakeFloat2.uasset" 43
"../../../../../CouchCoop/MyProject2/Content/LandscapeTEXT/LowResBlurredNoise.uasset" 44
"../../../../../CouchCoop/MyProject2/Content/LandscapeTEXT/Water_MAT.uasset" 45
"../../../../../CouchCoop/MyProject2/Content/LandscapeTEXT/wawtyer.uasset" 46
"../../../../../CouchCoop/MyProject2/Content/StarterContent/Materials/M_Basic_Wall.uasset" 47
"../../../../../CouchCoop/MyProject2/Content/StarterContent/Architecture/Pillar_50x500.uasset" 48
"../../../../../CouchCoop/MyProject2/Content/StarterContent/Architecture/Wall_400x300.uasset" 49
"../../../../../CouchCoop/MyProject2/Content/StarterContent/Architecture/Wall_400x400.uasset" 50
"../../../../../CouchCoop/MyProject2/Content/StarterContent/Architecture/Wall_500x500.uasset" 51
"../../../../../CouchCoop/MyProject2/Content/StarterContent/Architecture/Wall_Door_400x400.uasset" 52
"../../../../../CouchCoop/MyProject2/Content/StarterContent/Architecture/Wall_Window_400x400.uasset" 53
"../../../../../CouchCoop/MyProject2/Content/StarterContent/Audio/Collapse01.uasset" 54
"../../../../../CouchCoop/MyProject2/Content/StarterContent/Audio/Collapse02.uasset" 55
"../../../../../CouchCoop/MyProject2/Content/StarterContent/Audio/Explosion02.uasset" 56
"../../../../../CouchCoop/MyProject2/Content/StarterContent/Audio/Fire01.uasset" 57
"../../../../../CouchCoop/MyProject2/Content/StarterContent/Audio/Fire_Sparks01.uasset" 58
"../../../../../CouchCoop/MyProject2/Content/StarterContent/Audio/Light01.uasset" 59
"../../../../../CouchCoop/MyProject2/Content/StarterContent/Audio/Light01_Cue.uasset" 60
"../../../../../CouchCoop/MyProject2/Content/StarterContent/Audio/Light02.uasset" 61
"../../../../../CouchCoop/MyProject2/Content/StarterContent/Audio/Light02_Cue.uasset" 62
"../../../../../CouchCoop/MyProject2/Content/StarterContent/Audio/Smoke01.uasset" 63
"../../../../../CouchCoop/MyProject2/Content/StarterContent/Audio/Starter_Music01.uasset" 64
"../../../../../CouchCoop/MyProject2/Content/StarterContent/Audio/Starter_Wind05.uasset" 65
"../../../../../CouchCoop/MyProject2/Content/StarterContent/Audio/Starter_Wind06.uasset" 66
"../../../../../CouchCoop/MyProject2/Content/StarterContent/Audio/Steam01.uasset" 67
"../../../../../CouchCoop/MyProject2/Content/StarterContent/Audio/Explosion_Cue.uasset" 68
"../../../../../CouchCoop/MyProject2/Content/StarterContent/Textures/T_Burst_M.uasset" 69
"../../../../../CouchCoop/MyProject2/Content/StarterContent/Particles/Materials/M_Burst.uasset" 70
"../../../../../CouchCoop/MyProject2/Content/StarterContent/Textures/T_Explosion_SubUV.uasset" 71
"../../../../../CouchCoop/MyProject2/Content/StarterContent/Particles/Materials/M_explosion_subUV.uasset" 72
"../../../../../CouchCoop/MyProject2/Content/StarterContent/Particles/Materials/m_flare_01.uasset" 73
"../../../Engine/Content/Functions/Engine_MaterialFunctions01/Gradient/RadialGradient.uasset" 74
"../../../../../CouchCoop/MyProject2/Content/StarterContent/Particles/Materials/M_radial_ramp.uasset" 75
"../../../../../CouchCoop/MyProject2/Content/StarterContent/Textures/T_Smoke_SubUV.uasset" 76
"../../../../../CouchCoop/MyProject2/Content/StarterContent/Textures/T_Smoke_Tiled_D.uasset" 77
"../../../../../CouchCoop/MyProject2/Content/StarterContent/Particles/Materials/M_smoke_subUV.uasset" 78
"../../../../../CouchCoop/MyProject2/Content/StarterContent/Particles/P_Explosion.uasset" 79
"../../../../../CouchCoop/MyProject2/Content/StarterContent/Blueprints/Blueprint_Effect_Explosion.uasset" 80
"../../../Engine/Content/EditorMeshes/ColorCalibrator/T_ColorGrid.uasset" 81
"../../../../../CouchCoop/MyProject2/Content/StarterContent/Materials/M_ColorGrid_LowSpec.uasset" 82
"../../../../../CouchCoop/MyProject2/Content/StarterContent/Materials/NewMaterial.uasset" 83
"../../../../../CouchCoop/MyProject2/Content/StarterContent/Textures/T_Bush_D.uasset" 84
"../../../../../CouchCoop/MyProject2/Content/StarterContent/Textures/T_Bush_N.uasset" 85
"../../../../../CouchCoop/MyProject2/Content/StarterContent/Props/Materials/M_Bush.uasset" 86
"../../../../../CouchCoop/MyProject2/Content/StarterContent/Props/SM_Bush.uasset" 87
"../../../../../CouchCoop/MyProject2/Content/StarterContent/Textures/T_Chair_M.uasset" 88
"../../../../../CouchCoop/MyProject2/Content/StarterContent/Textures/T_Chair_N.uasset" 89
"../../../../../CouchCoop/MyProject2/Content/StarterContent/Props/Materials/M_Chair.uasset" 90
"../../../../../CouchCoop/MyProject2/Content/StarterContent/Props/SM_Couch.uasset" 91
"../../../../../CouchCoop/MyProject2/Content/StarterContent/Materials/M_Glass.uasset" 92
"../../../../../CouchCoop/MyProject2/Content/StarterContent/Textures/T_Door_M.uasset" 93
"../../../../../CouchCoop/MyProject2/Content/StarterContent/Textures/T_Door_N.uasset" 94
"../../../../../CouchCoop/MyProject2/Content/StarterContent/Props/Materials/M_Door.uasset" 95
"../../../../../CouchCoop/MyProject2/Content/StarterContent/Props/SM_Door.uasset" 96
"../../../../../CouchCoop/MyProject2/Content/StarterContent/Props/Materials/M_MaterialSphere.uasset" 97
"../../../../../CouchCoop/MyProject2/Content/StarterContent/Props/Materials/M_MaterialSphere_Plain.uasset" 98
"../../../../../CouchCoop/MyProject2/Content/StarterContent/Props/SM_MatPreviewMesh_02.uasset" 99
"../../../../../CouchCoop/MyProject2/Content/StarterContent/Textures/T_Detail_Rocky_N.uasset" 100
"../../../../../CouchCoop/MyProject2/Content/StarterContent/Textures/T_Rock_Basalt_D.uasset" 101
"../../../../../CouchCoop/MyProject2/Content/StarterContent/Textures/T_RockMesh_M.uasset" 102
"../../../../../CouchCoop/MyProject2/Content/StarterContent/Textures/T_RockMesh_N.uasset" 103
"../../../../../CouchCoop/MyProject2/Content/StarterContent/Props/Materials/M_Rock.uasset" 104
"../../../../../CouchCoop/MyProject2/Content/StarterContent/Props/SM_Rock.uasset" 105
"../../../../../CouchCoop/MyProject2/Content/StarterContent/Textures/T_Shelf_M.uasset" 106
"../../../../../CouchCoop/MyProject2/Content/StarterContent/Textures/T_Shelf_N.uasset" 107
"../../../../../CouchCoop/MyProject2/Content/StarterContent/Props/Materials/M_Shelf.uasset" 108
"../../../../../CouchCoop/MyProject2/Content/StarterContent/Props/SM_Shelf.uasset" 109
"../../../../../CouchCoop/MyProject2/Content/StarterContent/Materials/M_Basic_Floor.uasset" 110
"../../../../../CouchCoop/MyProject2/Content/StarterContent/Props/SM_Stairs.uasset" 111
"../../../../../CouchCoop/MyProject2/Content/StarterContent/Shapes/Shape_Cone.uasset" 112
"../../../../../CouchCoop/MyProject2/Content/StarterContent/Shapes/Shape_Cylinder.uasset" 113
"../../../../../CouchCoop/MyProject2/Content/StarterContent/Shapes/Shape_NarrowCapsule.uasset" 114
"../../../../../CouchCoop/MyProject2/Content/StarterContent/Shapes/Shape_Pipe.uasset" 115
"../../../../../CouchCoop/MyProject2/Content/StarterContent/Shapes/Shape_Pipe_180.uasset" 116
"../../../../../CouchCoop/MyProject2/Content/StarterContent/Shapes/Shape_Pipe_90.uasset" 117
"../../../../../CouchCoop/MyProject2/Content/StarterContent/Shapes/Shape_Plane.uasset" 118
"../../../../../CouchCoop/MyProject2/Content/StarterContent/Shapes/Shape_Torus.uasset" 119
"../../../../../CouchCoop/MyProject2/Content/StarterContent/Shapes/Shape_Trim.uasset" 120
"../../../../../CouchCoop/MyProject2/Content/StarterContent/Shapes/Shape_Trim_90_In.uasset" 121
"../../../../../CouchCoop/MyProject2/Content/StarterContent/Shapes/Shape_Trim_90_Out.uasset" 122
"../../../../../CouchCoop/MyProject2/Content/StarterContent/Shapes/Shape_TriPyramid.uasset" 123
"../../../../../CouchCoop/MyProject2/Content/StarterContent/Shapes/Shape_Tube.uasset" 124
"../../../../../CouchCoop/MyProject2/Content/StarterContent/Shapes/Shape_Wedge_A.uasset" 125
"../../../../../CouchCoop/MyProject2/Content/StarterContent/Shapes/Shape_Wedge_B.uasset" 126
"../../../../../CouchCoop/MyProject2/Content/StarterContent/Shapes/Shape_WideCapsule.uasset" 127
"../../../Engine/Content/Animation/DefaultAnimCurveCompressionSettings.uasset" 128
"../../../Engine/Content/ArtTools/RenderToTexture/Meshes/S_1_Unit_Plane.uasset" 129
"../../../Engine/Content/EngineMaterials/DefaultMaterial.uasset" 130
"../../../Engine/Content/BasicShapes/Cone.uasset" 131
"../../../Engine/Content/BasicShapes/Cylinder.uasset" 132
"../../../Engine/Content/BasicShapes/Sphere.uasset" 133
"../../../Engine/Content/EditorLandscapeResources/DataLayer.uasset" 134
"../../../Engine/Content/EditorMaterials/MAT_Groups_Toggle.uasset" 135
"../../../Engine/Content/EditorMaterials/MAT_Groups_Visibility.uasset" 136
"../../../Engine/Content/EditorMaterials/PreviewShadowIndicator.uasset" 137
"../../../Engine/Content/EditorMaterials/PreviewShadowIndicatorMaterial.uasset" 138
"../../../Engine/Content/EditorMaterials/MatineeGroups/MAT_ColorTrack.uasset" 139
"../../../Engine/Content/EditorMaterials/MatineeGroups/MAT_Groups_Anim.uasset" 140
"../../../Engine/Content/EditorMaterials/MatineeGroups/MAT_Groups_AudioMaster.uasset" 141
"../../../Engine/Content/EditorMaterials/MatineeGroups/MAT_Groups_Director.uasset" 142
"../../../Engine/Content/EditorMaterials/MatineeGroups/MAT_Groups_Event.uasset" 143
"../../../Engine/Content/EditorMaterials/MatineeGroups/MAT_Groups_Fade.uasset" 144
"../../../Engine/Content/EditorMaterials/MatineeGroups/MAT_Groups_Float.uasset" 145
"../../../Engine/Content/EditorMaterials/MatineeGroups/MAT_Groups_Move.uasset" 146
"../../../Engine/Content/EditorMaterials/MatineeGroups/MAT_Groups_Slomo.uasset" 147
"../../../Engine/Content/EditorMaterials/MatineeGroups/MAT_Groups_Sound.uasset" 148
"../../../Engine/Content/EditorMaterials/MatineeGroups/MAT_Groups_Vector.uasset" 149
"../../../Engine/Content/EditorMaterials/ParticleSystems/PSysThumbnail_NoImage.uasset" 150
"../../../Engine/Content/EditorMaterials/ParticleSystems/PSysThumbnail_OOD.uasset" 151
"../../../Engine/Content/EditorMaterials/Camera/CineMat.uasset" 152
"../../../Engine/Content/EditorMaterials/Camera/MI_CineMat_Rig.uasset" 153
"../../../Engine/Content/EditorMeshes/Camera/SM_CraneRig_Arm.uasset" 154
"../../../Engine/Content/EditorMeshes/Camera/SM_CraneRig_Base.uasset" 155
"../../../Engine/Content/EditorMeshes/Camera/SM_CraneRig_Body.uasset" 156
"../../../Engine/Content/EditorMeshes/Camera/SM_CraneRig_Mount.uasset" 157
"../../../Engine/Content/EditorMeshes/Camera/SM_RailRig_Mount.uasset" 158
"../../../Engine/Content/EditorMeshes/Camera/SM_RailRig_Track.uasset" 159
"../../../Engine/Content/EditorResources/BSPVertex.uasset" 160
"../../../Engine/Content/EditorResources/EmptyActor.uasset" 161
"../../../Engine/Content/EditorResources/S_Actor.uasset" 162
"../../../Engine/Content/EditorResources/S_Note.uasset" 163
"../../../Engine/Content/EditorResources/S_Solver.uasset" 164
"../../../Engine/Content/EditorResources/S_Trigger.uasset" 165
"../../../Engine/Content/EditorResources/AudioIcons/S_AudioComponent.uasset" 166
"../../../Engine/Content/EditorResources/AudioIcons/S_AudioComponent_AutoActivate.uasset" 167
"../../../Engine/Content/EditorResources/LightIcons/S_LightError.uasset" 168
"../../../Engine/Content/EditorResources/SequenceRecorder/Countdown.uasset" 169
"../../../Engine/Content/EditorResources/SequenceRecorder/RecordingIndicator.uasset" 170
"../../../Engine/Content/EditorSounds/Notifications/CompileFailed.uasset" 171
"../../../Engine/Content/EditorSounds/Notifications/CompileFailed_Cue.uasset" 172
"../../../Engine/Content/EditorSounds/Notifications/CompileSuccess.uasset" 173
"../../../Engine/Content/EditorSounds/Notifications/CompileStart_Cue.uasset" 174
"../../../Engine/Content/EditorSounds/Notifications/CompileSuccess_Cue.uasset" 175
"../../../Engine/Content/EngineDamageTypes/DmgTypeBP_Environmental.uasset" 176
"../../../Engine/Content/EngineDebugMaterials/DebugEditorMaterial.uasset" 177
"../../../Engine/Content/EngineDebugMaterials/DebugMeshMaterial.uasset" 178
"../../../Engine/Content/EngineDebugMaterials/M_SimpleTranslucent.uasset" 179
"../../../Engine/Content/Functions/Engine_MaterialFunctions02/Utility/CameraDirectionVector.uasset" 180
"../../../Engine/Content/EngineDebugMaterials/VolumeToRender.uasset" 181
"../../../Engine/Content/EngineDebugMaterials/M_VolumeRenderSphereTracePP.uasset" 182
"../../../Engine/Content/EngineDebugMaterials/WireframeMaterial.uasset" 183
"../../../Engine/Content/EngineFonts/Faces/DroidSansFallback.uasset" 184
"../../../Engine/Content/EngineFonts/Faces/RobotoBold.uasset" 185
"../../../Engine/Content/EngineFonts/Faces/RobotoBoldItalic.uasset" 186
"../../../Engine/Content/EngineFonts/Faces/RobotoItalic.uasset" 187
"../../../Engine/Content/EngineFonts/Faces/RobotoLight.uasset" 188
"../../../Engine/Content/EngineFonts/Faces/RobotoRegular.uasset" 189
"../../../Engine/Content/EngineFonts/Roboto.uasset" 190
"../../../Engine/Content/EngineMaterials/BaseFlattenDiffuseMap.uasset" 191
"../../../Engine/Content/EngineMaterials/BaseFlattenEmissiveMap.uasset" 192
"../../../Engine/Content/EngineMaterials/BaseFlattenGrayscaleMap.uasset" 193
"../../../Engine/Content/EngineMaterials/BaseFlattenNormalMap.uasset" 194
"../../../Engine/Content/EngineMaterials/BaseFlattenMaterial.uasset" 195
"../../../Engine/Content/EngineMaterials/BlueNoise.uasset" 196
"../../../Engine/Content/EngineMaterials/DefaultBloomKernel.uasset" 197
"../../../Engine/Content/EngineMaterials/DefaultBokeh.uasset" 198
"../../../Engine/Content/EngineMaterials/DefaultDiffuse.uasset" 199
"../../../Engine/Content/EngineMaterials/DefaultDeferredDecalMaterial.uasset" 200
"../../../Engine/Content/EngineMaterials/DefaultLightFunctionMaterial.uasset" 201
"../../../Engine/Content/Functions/Engine_MaterialFunctions02/Utility/BreakOutFloat2Components.uasset" 202
"../../../Engine/Content/EngineMaterials/DefaultPostProcessMaterial.uasset" 203
"../../../Engine/Content/EngineFonts/RobotoDistanceField.uasset" 204
"../../../Engine/Content/EngineMaterials/DefaultTextMaterialOpaque.uasset" 205
"../../../Engine/Content/EngineMaterials/DefaultVirtualTextureMaterial.uasset" 206
"../../../Engine/Content/EngineMaterials/DefaultWhiteGrid.uasset" 207
"../../../Engine/Content/EngineMaterials/DefaultWhiteGrid_Low.uasset" 208
"../../../Engine/Content/EngineMaterials/EmissiveMeshMaterial.uasset" 209
"../../../Engine/Content/EngineMaterials/GizmoMaterial.uasset" 210
"../../../Engine/Content/EngineMaterials/Good64x64TilingNoiseHighFreq.uasset" 211
"../../../Engine/Content/EngineMaterials/HairDefaultMaterial.uasset" 212
"../../../Engine/Content/EngineMaterials/MiniFont.uasset" 213
"../../../Engine/Content/EngineMaterials/InvalidLightmapSettings.uasset" 214
"../../../Engine/Content/EngineMaterials/M_InvalidLightmapSettings.uasset" 215
"../../../Engine/Content/Functions/Engine_MaterialFunctions02/WorldPositionOffset/CameraOffset.uasset" 216
"../../../Engine/Content/EngineMaterials/PhAT_JointLimitMaterial.uasset" 217
"../../../Engine/Content/EngineMaterials/PreintegratedSkinBRDF.uasset" 218
"../../../Engine/Content/EngineMaterials/RemoveSurfaceMaterial.uasset" 219
"../../../Engine/Content/EngineMaterials/WeightMapPlaceholderTexture.uasset" 220
"../../../Engine/Content/EngineResources/WhiteSquareTexture.uasset" 221
"../../../Engine/Content/EngineMaterials/Widget3DPassThrough.uasset" 222
"../../../Engine/Content/EngineMaterials/Widget3DPassThrough_Masked.uasset" 223
"../../../Engine/Content/EngineMaterials/Widget3DPassThrough_Opaque.uasset" 224
"../../../Engine/Content/EngineMaterials/Widget3DPassThrough_Masked_OneSided.uasset" 225
"../../../Engine/Content/EngineMaterials/Widget3DPassThrough_Opaque_OneSided.uasset" 226
"../../../Engine/Content/EngineMaterials/Widget3DPassThrough_Translucent.uasset" 227
"../../../Engine/Content/EngineMaterials/Widget3DPassThrough_Translucent_OneSided.uasset" 228
"../../../Engine/Content/EngineMeshes/Cylinder.uasset" 229
"../../../Engine/Content/EngineMeshes/Sphere.uasset" 230
"../../../Engine/Content/EngineResources/Black.uasset" 231
"../../../Engine/Content/EngineResources/DefaultTexture.uasset" 232
"../../../Engine/Content/EngineResources/DefaultTextureCube.uasset" 233
"../../../Engine/Content/EngineResources/DefaultVolumeTexture2D.uasset" 234
"../../../Engine/Content/EngineResources/DefaultVolumeTexture.uasset" 235
"../../../Engine/Content/EngineResources/GradientTexture0.uasset" 236
"../../../Engine/Content/EngineSounds/Master.uasset" 237
"../../../Engine/Content/Functions/Engine_MaterialFunctions01/Shading/ConvertFromDiffSpec.uasset" 238
"../../../Engine/Content/Functions/Engine_MaterialFunctions01/Shading/PowerToRoughness.uasset" 239
"../../../Engine/Content/Maps/Templates/Thumbnails/Default.uasset" 240
"../../../Engine/Content/Maps/Templates/Thumbnails/TimeOfDay.uasset" 241
"../../../Engine/Content/Maps/Templates/Thumbnails/VR-Basic.uasset" 242
"../../../Engine/Content/MobileResources/T_MobileControls_texture.uasset" 243
"../../../Engine/Content/MobileResources/T_MobileMenu2.uasset" 244
"../../../Engine/Content/MobileResources/HUD/AnalogHat.uasset" 245
"../../../Engine/Content/MobileResources/HUD/VirtualJoystick_Background.uasset" 246
"../../../Engine/Content/MobileResources/HUD/VirtualJoystick_Thumb.uasset" 247
"../../../Engine/Content/MobileResources/HUD/DefaultVirtualJoysticks.uasset" 248
"../../../Engine/Content/MobileResources/HUD/LeftVirtualJoystickOnly.uasset" 249
"../../../Engine/Content/MobileResources/HUD/MobileHUDButton1_off.uasset" 250
"../../../Engine/Content/MobileResources/HUD/MobileHUDButton1_on.uasset" 251
"../../../Engine/Content/MobileResources/HUD/MobileHUDButton2_off.uasset" 252
"../../../Engine/Content/MobileResources/HUD/MobileHUDButton2_on.uasset" 253
"../../../Engine/Content/MobileResources/HUD/MobileHUDButton3.uasset" 254
"../../../Engine/Content/MobileResources/HUD/MobileHUDButtonFire.uasset" 255
"../../../Engine/Content/MobileResources/HUD/MobileHUDDirectionPad.uasset" 256
"../../../Engine/Content/MobileResources/HUD/MobileHUDDirectionPad2.uasset" 257
"../../../Engine/Content/MobileResources/HUD/MobileHUDDirectionPad3.uasset" 258
"../../../Engine/Content/MobileResources/HUD/MobileHUDDirectionStick.uasset" 259
"../../../Engine/Content/MobileResources/HUD/T_Castle_ThumbstickInner.uasset" 260
"../../../Engine/Content/MobileResources/HUD/T_Castle_ThumbstickOutter.uasset" 261
"../../../Engine/Content/Tutorial/ContentIntroCurve.uasset" 262
"../../../Engine/Content/Tutorial/Basics/LevelEditorAttract.uasset" 263
"../../../Engine/Content/Tutorial/Installation/InstallingVisualStudioTutorial.uasset" 264
"../../../Engine/Content/VREditor/LaserPointer/VR_LaserPower_01.uasset" 265
"../../../Engine/Content/VREditor/TransformGizmo/TransformGizmoMaterial.uasset" 266
"../../../Engine/Content/VREditor/TransformGizmo/TranslucentTransformGizmoMaterial.uasset" 267
"../../../Engine/Content/VREditor/TransformGizmo/BoundingBoxCorner.uasset" 268
"../../../Engine/Content/VREditor/TransformGizmo/BoundingBoxEdge.uasset" 269
"../../../Engine/Content/VREditor/TransformGizmo/PlaneTranslationHandle.uasset" 270
"../../../Engine/Content/VREditor/TransformGizmo/Main.uasset" 271
"../../../Engine/Content/VREditor/TransformGizmo/Xray.uasset" 272
"../../../Engine/Content/VREditor/TransformGizmo/SM_Sequencer_Key.uasset" 273
"../../../Engine/Content/VREditor/TransformGizmo/SM_Sequencer_Node.uasset" 274
"../../Plugins/2D/Paper2D/Content/PlaceholderTextures/DummySpriteTexture.uasset" 275
"../../Plugins/2D/Paper2D/Content/DummySprite.uasset" 276
"../../Plugins/2D/Paper2D/Content/DefaultPaperTerrainMaterial.uasset" 277
"../../Plugins/2D/Paper2D/Content/DummySpriteTexture.uasset" 278
"../../Plugins/2D/Paper2D/Content/DefaultSpriteMaterial.uasset" 279
"../../Plugins/2D/Paper2D/Content/MaskedUnlitSpriteMaterial.uasset" 280
"../../Plugins/2D/Paper2D/Content/OpaqueUnlitSpriteMaterial.uasset" 281
"../../../Engine/Content/Functions/Engine_MaterialFunctions02/Utility/BreakOutFloat4Components.uasset" 282
"../../../Engine/Content/Functions/Engine_MaterialFunctions02/Utility/MakeFloat3.uasset" 283
"../../Plugins/Runtime/Oculus/OculusVR/Content/Materials/OculusMR_ChromaKey.uasset" 284
"../../Plugins/Runtime/Oculus/OculusVR/Content/Materials/OculusMR_ChromaKey_Lit.uasset" 285
"../../Plugins/Runtime/Oculus/OculusVR/Content/Materials/OculusMR_OpaqueColoredMaterial.uasset" 286
"../../Plugins/Runtime/Oculus/OculusVR/Content/Materials/OculusMR_WhiteMaterial.uasset" 287
"../../../Engine/Content/EngineSky/C_Sky_Cloud_Color.uasset" 288
"../../../Engine/Content/EngineSky/C_Sky_Horizon_Color.uasset" 289
"../../../Engine/Content/EngineSky/C_Sky_Zenith_Color.uasset" 290
"../../../Engine/Content/EngineSky/T_Sky_Blue.uasset" 291
"../../../Engine/Content/EngineSky/T_Sky_Clouds_M.uasset" 292
"../../../Engine/Content/EngineSky/T_Sky_Stars.uasset" 293
"../../../Engine/Content/EngineSky/M_Sky_Panning_Clouds2.uasset" 294
"../../../Engine/Content/EngineSky/SM_SkySphere.uasset" 295
"../../../Engine/Content/EngineSky/BP_Sky_Sphere.uasset" 296
"../../../../../CouchCoop/MyProject2/Content/Blueprints/BP_MainCamera.uasset" 297
"../../../../../CouchCoop/MyProject2/Content/Blueprints/MiniMap/Minimap_TARGET.uasset" 298
"../../../../../CouchCoop/MyProject2/Content/Blueprints/MiniMap/MiniMapCamera.uasset" 299
"../../../Engine/Content/BasicShapes/BasicShapeMaterial.uasset" 300
"../../../../../CouchCoop/MyProject2/Content/Blueprints/MiniMap/b4f4b56da2bf94a9462584dbffd9a4e8_28-collection-of-diamond-shape-clipart-png-high-quality-free-_510-512.uasset" 301
"../../../../../CouchCoop/MyProject2/Content/Blueprints/MiniMap/b4f4b56da2bf94a9462584dbffd9a4e8_28-collection-of-diamond-shape-clipart-png-high-quality-free-_510-512_Mat.uasset" 302
"../../../Engine/Content/BasicShapes/Cube.uasset" 303
"../../../../../CouchCoop/MyProject2/Content/StarterContent/Audio/Explosion01.uasset" 304
"../../../../../CouchCoop/MyProject2/Content/Blueprints/Pickup.uasset" 305
"../../../../../CouchCoop/MyProject2/Content/Maps/MainMap_BuiltData.uasset" 306
"../../../../../CouchCoop/MyProject2/Content/LandscapeTEXT/41FAM8Tx18L__SX466_.uasset" 307
"../../../../../CouchCoop/MyProject2/Content/LandscapeTEXT/Chrsitian-Cosmetics-Eyebrow-Makeup-Kit-Dark-Brown-Color-600x600.uasset" 308
"../../../../../CouchCoop/MyProject2/Content/LandscapeTEXT/LandscapeMAT.uasset" 309
"../../../Engine/Content/EngineMaterials/DefaultPhysicalMaterial.uasset" 310
"../../../../../CouchCoop/MyProject2/Content/Blueprints/MiniMap/MiniMap_MAT.uasset" 311
"../../../../../CouchCoop/MyProject2/Content/Blueprints/MiniMap/Minimap.uasset" 312
"../../../../../CouchCoop/MyProject2/Content/Blueprints/Widgets/EndScreen.uasset" 313
"../../../../../CouchCoop/MyProject2/Content/2019-10-21_-_Feels_Good_-_David_Fesliyan.uasset" 314
"../../../../../CouchCoop/MyProject2/Content/Blueprints/Widgets/New_Project.uasset" 315
"../../../../../CouchCoop/MyProject2/Content/Blueprints/Widgets/Startgame.uasset" 316
"../../../../../CouchCoop/MyProject2/Content/LandscapeTEXT/Material_001.uasset" 317
"../../../../../CouchCoop/MyProject2/Content/LandscapeTEXT/grass.uasset" 318
"../../../../../CouchCoop/MyProject2/Content/LandscapeTEXT/tree/Material_001.uasset" 319
"../../../../../CouchCoop/MyProject2/Content/LandscapeTEXT/tree/NewMaterial.uasset" 320
"../../../../../CouchCoop/MyProject2/Content/LandscapeTEXT/tree/tree.uasset" 321
"../../../../../CouchCoop/MyProject2/Content/LandscapeTEXT/tree/Material_001_Inst1.uasset" 322
"../../../../../CouchCoop/MyProject2/Content/LandscapeTEXT/tree/NewMaterial_Inst1.uasset" 323
"../../../../../CouchCoop/MyProject2/Content/LandscapeTEXT/tree/tree1.uasset" 324
"../../../../../CouchCoop/MyProject2/Content/LandscapeTEXT/tree/Material_001_Inst.uasset" 325
"../../../../../CouchCoop/MyProject2/Content/LandscapeTEXT/tree/NewMaterial_Inst.uasset" 326
"../../../../../CouchCoop/MyProject2/Content/LandscapeTEXT/tree/tree2.uasset" 327
"../../../../../CouchCoop/MyProject2/Content/StarterContent/Audio/Starter_Birds01.uasset" 328
"../../../../../CouchCoop/MyProject2/Content/Maps/MainMap.umap" 329
"../../../../../CouchCoop/MyProject2/Content/StarterContent/Blueprints/Assets/FogBrightnessLUT.uasset" 330
"../../../../../CouchCoop/MyProject2/Content/StarterContent/Blueprints/Assets/SunlightColorLUT.uasset" 331
"../../../../../CouchCoop/MyProject2/Content/StarterContent/Blueprints/Assets/M_LightStage_Arrows.uasset" 332
"../../../Engine/Content/MapTemplates/Sky/DaylightAmbientCubemap.uasset" 333
"../../../../../CouchCoop/MyProject2/Content/StarterContent/Blueprints/Assets/M_LightStage_Skybox_Master.uasset" 334
"../../../../../CouchCoop/MyProject2/Content/StarterContent/Blueprints/Assets/M_LightStage_Skybox_Black.uasset" 335
"../../../../../CouchCoop/MyProject2/Content/StarterContent/Blueprints/Assets/M_LightStage_Skybox_HDRI.uasset" 336
"../../../Engine/Content/EditorMaterials/Thumbnails/SkySphereMaterial.uasset" 337
"../../../../../CouchCoop/MyProject2/Content/StarterContent/Blueprints/Assets/Skybox.uasset" 338
"../../../../../CouchCoop/MyProject2/Content/StarterContent/Blueprints/Assets/SM_Arrows.uasset" 339
"../../../../../CouchCoop/MyProject2/Content/StarterContent/HDRI/HDRI_Epic_Courtyard_Daylight.uasset" 340
"../../../../../CouchCoop/MyProject2/Content/StarterContent/Blueprints/BP_LightStudio.uasset" 341
"../../../../../CouchCoop/MyProject2/Content/StarterContent/Maps/Advanced_Lighting_BuiltData.uasset" 342
"../../../../../CouchCoop/MyProject2/Content/StarterContent/Materials/M_AssetPlatform.uasset" 343
"../../../Engine/Content/EditorMeshes/ColorCalibrator/M_ChromeBall.uasset" 344
"../../../Engine/Content/EditorMeshes/ColorCalibrator/M_ClearCoat.uasset" 345
"../../../Engine/Content/EditorMeshes/ColorCalibrator/M_ClearCoatBlack.uasset" 346
"../../../Engine/Content/EditorMeshes/ColorCalibrator/Color_checker.uasset" 347
"../../../Engine/Content/EditorMeshes/ColorCalibrator/M_ColorGrid.uasset" 348
"../../../Engine/Content/EditorMeshes/ColorCalibrator/M_GreyBall.uasset" 349
"../../../Engine/Content/EditorMeshes/ColorCalibrator/SM_ColorCalibrator.uasset" 350
"../../../../../CouchCoop/MyProject2/Content/StarterContent/Architecture/SM_AssetPlatform.uasset" 351
"../../../../../CouchCoop/MyProject2/Content/StarterContent/Maps/Advanced_Lighting.umap" 352
"../../../../../CouchCoop/MyProject2/Content/StarterContent/Maps/Minimal_Default_BuiltData.uasset" 353
"../../../../../CouchCoop/MyProject2/Content/StarterContent/Textures/T_MacroVariation.uasset" 354
"../../../../../CouchCoop/MyProject2/Content/StarterContent/Materials/M_Metal_Brushed_Nickel.uasset" 355
"../../../../../CouchCoop/MyProject2/Content/StarterContent/Textures/T_Metal_Aluminum_D.uasset" 356
"../../../../../CouchCoop/MyProject2/Content/StarterContent/Textures/T_Metal_Gold_N.uasset" 357
"../../../../../CouchCoop/MyProject2/Content/StarterContent/Materials/M_Metal_Burnished_Steel.uasset" 358
"../../../../../CouchCoop/MyProject2/Content/StarterContent/Textures/T_Metal_Copper_D.uasset" 359
"../../../../../CouchCoop/MyProject2/Content/StarterContent/Materials/M_Metal_Copper.uasset" 360
"../../../../../CouchCoop/MyProject2/Content/StarterContent/Textures/T_Statue_M.uasset" 361
"../../../../../CouchCoop/MyProject2/Content/StarterContent/Textures/T_Statue_N.uasset" 362
"../../../../../CouchCoop/MyProject2/Content/StarterContent/Props/Materials/M_StatueGlass.uasset" 363
"../../../../../CouchCoop/MyProject2/Content/StarterContent/Architecture/Floor_400x400.uasset" 364
"../../../../../CouchCoop/MyProject2/Content/StarterContent/Audio/Starter_Background_Cue.uasset" 365
"../../../../../CouchCoop/MyProject2/Content/StarterContent/Props/SM_Chair.uasset" 366
"../../../../../CouchCoop/MyProject2/Content/StarterContent/Props/Materials/M_Statue.uasset" 367
"../../../../../CouchCoop/MyProject2/Content/StarterContent/Props/SM_Statue.uasset" 368
"../../../../../CouchCoop/MyProject2/Content/StarterContent/Textures/T_TableRound_M.uasset" 369
"../../../../../CouchCoop/MyProject2/Content/StarterContent/Textures/T_TableRound_N.uasset" 370
"../../../../../CouchCoop/MyProject2/Content/StarterContent/Props/Materials/M_TableRound.uasset" 371
"../../../../../CouchCoop/MyProject2/Content/StarterContent/Props/SM_TableRound.uasset" 372
"../../../../../CouchCoop/MyProject2/Content/StarterContent/Maps/Minimal_Default.umap" 373
"../../../../../CouchCoop/MyProject2/Content/StarterContent/Audio/Fire01_Cue.uasset" 374
"../../../../../CouchCoop/MyProject2/Content/StarterContent/Textures/T_Fire_SubUV.uasset" 375
"../../../../../CouchCoop/MyProject2/Content/StarterContent/Textures/T_Fire_Tiled_D.uasset" 376
"../../../../../CouchCoop/MyProject2/Content/StarterContent/Particles/Materials/M_Fire_SubUV.uasset" 377
"../../../../../CouchCoop/MyProject2/Content/StarterContent/Textures/T_Water_N.uasset" 378
"../../../../../CouchCoop/MyProject2/Content/StarterContent/Particles/Materials/M_Heat_Distortion.uasset" 379
"../../../../../CouchCoop/MyProject2/Content/StarterContent/Particles/Materials/M_Radial_Gradient.uasset" 380
"../../../../../CouchCoop/MyProject2/Content/StarterContent/Particles/P_Fire.uasset" 381
"../../../../../CouchCoop/MyProject2/Content/StarterContent/Blueprints/Blueprint_Effect_Fire.uasset" 382
"../../../../../CouchCoop/MyProject2/Content/StarterContent/Audio/Smoke01_Cue.uasset" 383
"../../../../../CouchCoop/MyProject2/Content/StarterContent/Particles/P_Smoke.uasset" 384
"../../../../../CouchCoop/MyProject2/Content/StarterContent/Blueprints/Blueprint_Effect_Smoke.uasset" 385
"../../../../../CouchCoop/MyProject2/Content/StarterContent/Audio/Fire_Sparks01_Cue.uasset" 386
"../../../../../CouchCoop/MyProject2/Content/StarterContent/Textures/T_Spark_Core.uasset" 387
"../../../../../CouchCoop/MyProject2/Content/StarterContent/Particles/Materials/M_Spark.uasset" 388
"../../../../../CouchCoop/MyProject2/Content/StarterContent/Particles/P_Sparks.uasset" 389
"../../../../../CouchCoop/MyProject2/Content/StarterContent/Blueprints/Blueprint_Effect_Sparks.uasset" 390
"../../../../../CouchCoop/MyProject2/Content/StarterContent/Audio/Steam01_Cue.uasset" 391
"../../../../../CouchCoop/MyProject2/Content/StarterContent/Particles/P_Steam_Lit.uasset" 392
"../../../../../CouchCoop/MyProject2/Content/StarterContent/Blueprints/Blueprint_Effect_Steam.uasset" 393
"../../../../../CouchCoop/MyProject2/Content/StarterContent/Textures/T_Lamp_M.uasset" 394
"../../../../../CouchCoop/MyProject2/Content/StarterContent/Textures/T_Lamp_N.uasset" 395
"../../../../../CouchCoop/MyProject2/Content/StarterContent/Props/Materials/M_Lamp.uasset" 396
"../../../../../CouchCoop/MyProject2/Content/StarterContent/Props/SM_Lamp_Ceiling.uasset" 397
"../../../../../CouchCoop/MyProject2/Content/StarterContent/Blueprints/Blueprint_CeilingLight.uasset" 398
"../../../../../CouchCoop/MyProject2/Content/StarterContent/Props/SM_Lamp_Wall.uasset" 399
"../../../../../CouchCoop/MyProject2/Content/StarterContent/Blueprints/Blueprint_WallSconce.uasset" 400
"../../../../../CouchCoop/MyProject2/Content/StarterContent/Maps/StarterMap_BuiltData.uasset" 401
"../../../Engine/Content/Functions/Engine_MaterialFunctions03/Procedurals/ComputeFilterWidth.uasset" 402
"../../../Engine/Content/EngineMaterials/AntiAliasedTextMaterialTranslucent.uasset" 403
"../../../../../CouchCoop/MyProject2/Content/StarterContent/Textures/T_Brick_Clay_Beveled_D.uasset" 404
"../../../../../CouchCoop/MyProject2/Content/StarterContent/Textures/T_Brick_Clay_Beveled_M.uasset" 405
"../../../../../CouchCoop/MyProject2/Content/StarterContent/Textures/T_Brick_Clay_Beveled_N.uasset" 406
"../../../../../CouchCoop/MyProject2/Content/StarterContent/Materials/M_Brick_Clay_Beveled.uasset" 407
"../../../../../CouchCoop/MyProject2/Content/StarterContent/Textures/T_Brick_Clay_New_D.uasset" 408
"../../../../../CouchCoop/MyProject2/Content/StarterContent/Textures/T_Brick_Clay_New_M.uasset" 409
"../../../../../CouchCoop/MyProject2/Content/StarterContent/Textures/T_Brick_Clay_New_N.uasset" 410
"../../../../../CouchCoop/MyProject2/Content/StarterContent/Materials/M_Brick_Clay_New.uasset" 411
"../../../../../CouchCoop/MyProject2/Content/StarterContent/Textures/T_Brick_Clay_Old_D.uasset" 412
"../../../../../CouchCoop/MyProject2/Content/StarterContent/Textures/T_Brick_Clay_Old_N.uasset" 413
"../../../../../CouchCoop/MyProject2/Content/StarterContent/Textures/T_Perlin_Noise_M.uasset" 414
"../../../../../CouchCoop/MyProject2/Content/StarterContent/Materials/M_Brick_Clay_Old.uasset" 415
"../../../../../CouchCoop/MyProject2/Content/StarterContent/Textures/T_Brick_Cut_Stone_D.uasset" 416
"../../../../../CouchCoop/MyProject2/Content/StarterContent/Textures/T_Brick_Cut_Stone_N.uasset" 417
"../../../../../CouchCoop/MyProject2/Content/StarterContent/Materials/M_Brick_Cut_Stone.uasset" 418
"../../../../../CouchCoop/MyProject2/Content/StarterContent/Textures/T_Brick_Hewn_Stone_D.uasset" 419
"../../../../../CouchCoop/MyProject2/Content/StarterContent/Textures/T_Brick_Hewn_Stone_M.uasset" 420
"../../../../../CouchCoop/MyProject2/Content/StarterContent/Textures/T_Brick_Hewn_Stone_N.uasset" 421
"../../../../../CouchCoop/MyProject2/Content/StarterContent/Materials/M_Brick_Hewn_Stone.uasset" 422
"../../../../../CouchCoop/MyProject2/Content/StarterContent/Textures/T_Ceramic_Tile_M.uasset" 423
"../../../../../CouchCoop/MyProject2/Content/StarterContent/Textures/T_Ceramic_Tile_N.uasset" 424
"../../../../../CouchCoop/MyProject2/Content/StarterContent/Textures/T_Rock_Marble_Polished_D.uasset" 425
"../../../../../CouchCoop/MyProject2/Content/StarterContent/Materials/M_Ceramic_Tile_Checker.uasset" 426
"../../../../../CouchCoop/MyProject2/Content/StarterContent/Textures/T_CobbleStone_Pebble_D.uasset" 427
"../../../../../CouchCoop/MyProject2/Content/StarterContent/Textures/T_CobbleStone_Pebble_M.uasset" 428
"../../../../../CouchCoop/MyProject2/Content/StarterContent/Textures/T_CobbleStone_Pebble_N.uasset" 429
"../../../../../CouchCoop/MyProject2/Content/StarterContent/Materials/M_CobbleStone_Pebble.uasset" 430
"../../../../../CouchCoop/MyProject2/Content/StarterContent/Textures/T_CobbleStone_Rough_D.uasset" 431
"../../../../../CouchCoop/MyProject2/Content/StarterContent/Textures/T_CobbleStone_Rough_N.uasset" 432
"../../../../../CouchCoop/MyProject2/Content/StarterContent/Textures/T_Gradinet_01.uasset" 433
"../../../../../CouchCoop/MyProject2/Content/StarterContent/Textures/T_Rock_Smooth_Granite_D.uasset" 434
"../../../../../CouchCoop/MyProject2/Content/StarterContent/Materials/M_CobbleStone_Rough.uasset" 435
"../../../../../CouchCoop/MyProject2/Content/StarterContent/Textures/T_CobbleStone_Smooth_D.uasset" 436
"../../../../../CouchCoop/MyProject2/Content/StarterContent/Textures/T_CobbleStone_Smooth_M.uasset" 437
"../../../../../CouchCoop/MyProject2/Content/StarterContent/Textures/T_CobbleStone_Smooth_N.uasset" 438
"../../../../../CouchCoop/MyProject2/Content/StarterContent/Materials/M_CobbleStone_Smooth.uasset" 439
"../../../../../CouchCoop/MyProject2/Content/StarterContent/Textures/T_Concrete_Grime_D.uasset" 440
"../../../../../CouchCoop/MyProject2/Content/StarterContent/Textures/T_Metal_Rust_N.uasset" 441
"../../../../../CouchCoop/MyProject2/Content/StarterContent/Materials/M_Concrete_Grime.uasset" 442
"../../../../../CouchCoop/MyProject2/Content/StarterContent/Textures/T_Concrete_Panels_D.uasset" 443
"../../../../../CouchCoop/MyProject2/Content/StarterContent/Textures/T_Concrete_Panels_N.uasset" 444
"../../../../../CouchCoop/MyProject2/Content/StarterContent/Materials/M_Concrete_Panels.uasset" 445
"../../../../../CouchCoop/MyProject2/Content/StarterContent/Textures/T_Concrete_Poured_D.uasset" 446
"../../../../../CouchCoop/MyProject2/Content/StarterContent/Textures/T_Concrete_Poured_N.uasset" 447
"../../../../../CouchCoop/MyProject2/Content/StarterContent/Materials/M_Concrete_Poured.uasset" 448
"../../../../../CouchCoop/MyProject2/Content/StarterContent/Textures/T_Concrete_Tiles_D.uasset" 449
"../../../../../CouchCoop/MyProject2/Content/StarterContent/Textures/T_Concrete_Tiles_M.uasset" 450
"../../../../../CouchCoop/MyProject2/Content/StarterContent/Textures/T_Concrete_Tiles_N.uasset" 451
"../../../../../CouchCoop/MyProject2/Content/StarterContent/Textures/T_Concrete_Tiles_Variation_M.uasset" 452
"../../../../../CouchCoop/MyProject2/Content/StarterContent/Materials/M_Concrete_Tiles.uasset" 453
"../../../../../CouchCoop/MyProject2/Content/StarterContent/Textures/T_Ground_Grass_D.uasset" 454
"../../../../../CouchCoop/MyProject2/Content/StarterContent/Textures/T_Ground_Grass_N.uasset" 455
"../../../../../CouchCoop/MyProject2/Content/StarterContent/Materials/M_Ground_Grass.uasset" 456
"../../../../../CouchCoop/MyProject2/Content/StarterContent/Textures/T_Ground_Gravel_D.uasset" 457
"../../../../../CouchCoop/MyProject2/Content/StarterContent/Textures/T_Ground_Gravel_N.uasset" 458
"../../../../../CouchCoop/MyProject2/Content/StarterContent/Materials/M_Ground_Gravel.uasset" 459
"../../../../../CouchCoop/MyProject2/Content/StarterContent/Textures/T_ground_Moss_D.uasset" 460
"../../../../../CouchCoop/MyProject2/Content/StarterContent/Textures/T_Ground_Moss_N.uasset" 461
"../../../../../CouchCoop/MyProject2/Content/StarterContent/Materials/M_Ground_Moss.uasset" 462
"../../../../../CouchCoop/MyProject2/Content/StarterContent/Materials/M_Metal_Chrome.uasset" 463
"../../../../../CouchCoop/MyProject2/Content/StarterContent/Textures/T_Metal_Gold_D.uasset" 464
"../../../../../CouchCoop/MyProject2/Content/StarterContent/Materials/M_Metal_Gold.uasset" 465
"../../../../../CouchCoop/MyProject2/Content/StarterContent/Textures/T_Metal_Rust_D.uasset" 466
"../../../../../CouchCoop/MyProject2/Content/StarterContent/Materials/M_Metal_Rust.uasset" 467
"../../../../../CouchCoop/MyProject2/Content/StarterContent/Textures/T_Metal_Steel_D.uasset" 468
"../../../../../CouchCoop/MyProject2/Content/StarterContent/Textures/T_Metal_Steel_N.uasset" 469
"../../../../../CouchCoop/MyProject2/Content/StarterContent/Materials/M_Metal_Steel.uasset" 470
"../../../../../CouchCoop/MyProject2/Content/StarterContent/Textures/T_Rock_Basalt_N.uasset" 471
"../../../../../CouchCoop/MyProject2/Content/StarterContent/Materials/M_Rock_Basalt.uasset" 472
"../../../../../CouchCoop/MyProject2/Content/StarterContent/Materials/M_Rock_Marble_Polished.uasset" 473
"../../../../../CouchCoop/MyProject2/Content/StarterContent/Textures/T_Rock_Sandstone_D.uasset" 474
"../../../../../CouchCoop/MyProject2/Content/StarterContent/Textures/T_Rock_Sandstone_N.uasset" 475
"../../../../../CouchCoop/MyProject2/Content/StarterContent/Materials/M_Rock_Sandstone.uasset" 476
"../../../../../CouchCoop/MyProject2/Content/StarterContent/Textures/T_Rock_Slate_D.uasset" 477
"../../../../../CouchCoop/MyProject2/Content/StarterContent/Textures/T_Rock_Slate_N.uasset" 478
"../../../../../CouchCoop/MyProject2/Content/StarterContent/Materials/M_Rock_Slate.uasset" 479
"../../../../../CouchCoop/MyProject2/Content/StarterContent/Textures/T_Checker_Noise_M.uasset" 480
"../../../../../CouchCoop/MyProject2/Content/StarterContent/Textures/T_Single_Tile_N.uasset" 481
"../../../../../CouchCoop/MyProject2/Content/StarterContent/Textures/T_Tech_Dot_M.uasset" 482
"../../../../../CouchCoop/MyProject2/Content/StarterContent/Textures/T_Tech_Dot_N.uasset" 483
"../../../../../CouchCoop/MyProject2/Content/StarterContent/Materials/M_Tech_Checker_Dot.uasset" 484
"../../../../../CouchCoop/MyProject2/Content/StarterContent/Textures/T_Tech_Hex_Tile_M.uasset" 485
"../../../../../CouchCoop/MyProject2/Content/StarterContent/Textures/T_Tech_Hex_Tile_N.uasset" 486
"../../../../../CouchCoop/MyProject2/Content/StarterContent/Materials/M_Tech_Hex_Tile.uasset" 487
"../../../../../CouchCoop/MyProject2/Content/StarterContent/Materials/M_Tech_Hex_Tile_Pulse.uasset" 488
"../../../../../CouchCoop/MyProject2/Content/StarterContent/Textures/T_Tech_Panel_M.uasset" 489
"../../../../../CouchCoop/MyProject2/Content/StarterContent/Textures/T_Tech_Panel_N.uasset" 490
"../../../../../CouchCoop/MyProject2/Content/StarterContent/Materials/M_Tech_Panel.uasset" 491
"../../../../../CouchCoop/MyProject2/Content/StarterContent/Materials/M_Water_Lake.uasset" 492
"../../../../../CouchCoop/MyProject2/Content/StarterContent/Textures/T_Water_M.uasset" 493
"../../../../../CouchCoop/MyProject2/Content/StarterContent/Materials/M_Water_Ocean.uasset" 494
"../../../../../CouchCoop/MyProject2/Content/StarterContent/Textures/T_Wood_Floor_Walnut_D.uasset" 495
"../../../../../CouchCoop/MyProject2/Content/StarterContent/Textures/T_Wood_Floor_Walnut_M.uasset" 496
"../../../../../CouchCoop/MyProject2/Content/StarterContent/Textures/T_Wood_Floor_Walnut_N.uasset" 497
"../../../../../CouchCoop/MyProject2/Content/StarterContent/Materials/M_Wood_Floor_Walnut_Polished.uasset" 498
"../../../Engine/Content/Functions/Engine_MaterialFunctions01/Opacity/AlphaOffset.uasset" 499
"../../../../../CouchCoop/MyProject2/Content/StarterContent/Materials/M_Wood_Floor_Walnut_Worn.uasset" 500
"../../../../../CouchCoop/MyProject2/Content/StarterContent/Textures/T_Wood_Oak_D.uasset" 501
"../../../../../CouchCoop/MyProject2/Content/StarterContent/Textures/T_Wood_Oak_N.uasset" 502
"../../../../../CouchCoop/MyProject2/Content/StarterContent/Materials/M_Wood_Oak.uasset" 503
"../../../../../CouchCoop/MyProject2/Content/StarterContent/Textures/T_Wood_Pine_D.uasset" 504
"../../../../../CouchCoop/MyProject2/Content/StarterContent/Textures/T_Wood_Pine_N.uasset" 505
"../../../../../CouchCoop/MyProject2/Content/StarterContent/Materials/M_Wood_Pine.uasset" 506
"../../../../../CouchCoop/MyProject2/Content/StarterContent/Textures/T_Wood_Walnut_D.uasset" 507
"../../../../../CouchCoop/MyProject2/Content/StarterContent/Textures/T_Wood_Walnut_N.uasset" 508
"../../../../../CouchCoop/MyProject2/Content/StarterContent/Materials/M_Wood_Walnut.uasset" 509
"../../../../../CouchCoop/MyProject2/Content/StarterContent/Architecture/Wall_400x200.uasset" 510
"../../../../../CouchCoop/MyProject2/Content/StarterContent/Architecture/Wall_Door_400x300.uasset" 511
"../../../../../CouchCoop/MyProject2/Content/StarterContent/Architecture/Wall_Window_400x300.uasset" 512
"../../../../../CouchCoop/MyProject2/Content/StarterContent/Audio/Collapse_Cue.uasset" 513
"../../../../../CouchCoop/MyProject2/Content/StarterContent/Audio/Starter_Music_Cue.uasset" 514
"../../../../../CouchCoop/MyProject2/Content/StarterContent/Textures/T_Dust_Particle_D.uasset" 515
"../../../../../CouchCoop/MyProject2/Content/StarterContent/Particles/Materials/M_Dust_Particle.uasset" 516
"../../../../../CouchCoop/MyProject2/Content/StarterContent/Particles/P_Ambient_Dust.uasset" 517
"../../../../../CouchCoop/MyProject2/Content/StarterContent/Props/MaterialSphere.uasset" 518
"../../../../../CouchCoop/MyProject2/Content/StarterContent/Textures/T_Frame_M.uasset" 519
"../../../../../CouchCoop/MyProject2/Content/StarterContent/Textures/T_Frame_N.uasset" 520
"../../../../../CouchCoop/MyProject2/Content/StarterContent/Props/Materials/M_Frame.uasset" 521
"../../../../../CouchCoop/MyProject2/Content/StarterContent/Props/SM_CornerFrame.uasset" 522
"../../../../../CouchCoop/MyProject2/Content/StarterContent/Props/SM_DoorFrame.uasset" 523
"../../../../../CouchCoop/MyProject2/Content/StarterContent/Props/SM_GlassWindow.uasset" 524
"../../../../../CouchCoop/MyProject2/Content/StarterContent/Props/SM_PillarFrame.uasset" 525
"../../../../../CouchCoop/MyProject2/Content/StarterContent/Props/SM_PillarFrame300.uasset" 526
"../../../../../CouchCoop/MyProject2/Content/StarterContent/Props/SM_WindowFrame.uasset" 527
"../../../../../CouchCoop/MyProject2/Content/StarterContent/Shapes/Shape_Cube.uasset" 528
"../../../../../CouchCoop/MyProject2/Content/StarterContent/Shapes/Shape_QuadPyramid.uasset" 529
"../../../../../CouchCoop/MyProject2/Content/StarterContent/Shapes/Shape_Sphere.uasset" 530
"../../../../../CouchCoop/MyProject2/Content/StarterContent/Maps/StarterMap.umap" 531
"../../../Engine/Content/Maps/Entry_BuiltData.uasset" 532
"../../../Engine/Content/Maps/Entry.umap" 533
